<?xml version="1.0" encoding="UTF-8"?>
<!-- Generated by org.testng.reporters.JUnitReportReporter -->
<testsuite hostname="DESKTOP-NKM0A9P" failures="0" tests="1" name="testkeywords.loginKeywords" time="13.113" errors="0" timestamp="2020-12-30T10:32:59 EST" skipped="0">
  <testcase classname="testkeywords.loginKeywords" name="aut" time="13.113"/>
</testsuite> <!-- testkeywords.loginKeywords -->
