<?xml version="1.0" encoding="UTF-8"?>
<!-- Generated by org.testng.reporters.JUnitReportReporter -->
<testsuite hostname="DESKTOP-NKM0A9P" failures="0" tests="1" name="testcases.buytabletDriver" time="73.910" errors="0" timestamp="2020-12-31T17:05:38 EST" skipped="0">
  <testcase classname="testcases.buytabletDriver" name="userlogin" time="73.910"/>
</testsuite> <!-- testcases.buytabletDriver -->
