<?xml version="1.0" encoding="UTF-8"?>
<!-- Generated by org.testng.reporters.JUnitReportReporter -->
<testsuite hostname="DESKTOP-NKM0A9P" failures="0" tests="1" name="testcases.loginKeywords" time="11.610" errors="0" timestamp="2020-12-26T11:42:20 EST" skipped="0">
  <testcase classname="testcases.loginKeywords" name="aut" time="11.610"/>
</testsuite> <!-- testcases.loginKeywords -->
