<?xml version="1.0" encoding="UTF-8"?>
<!-- Generated by org.testng.reporters.JUnitReportReporter -->
<testsuite hostname="DESKTOP-NKM0A9P" failures="0" tests="1" name="testcases.T002_loginpageValidation" time="18.667" errors="0" timestamp="2020-12-23T22:15:15 EST" skipped="0">
  <testcase classname="testcases.T002_loginpageValidation" name="login" time="18.667"/>
</testsuite> <!-- testcases.T002_loginpageValidation -->
