<?xml version="1.0" encoding="UTF-8"?>
<!-- Generated by org.testng.reporters.JUnitReportReporter -->
<testsuite hostname="DESKTOP-NKM0A9P" failures="0" tests="1" name="testcases.searchrunDriver" time="92.056" errors="0" timestamp="2020-12-31T17:05:38 EST" skipped="0">
  <testcase classname="testcases.searchrunDriver" name="userlogin" time="92.056"/>
</testsuite> <!-- testcases.searchrunDriver -->
