<?xml version="1.0" encoding="UTF-8"?>
<!-- Generated by org.testng.reporters.JUnitReportReporter -->
<testsuite hostname="DESKTOP-NKM0A9P" failures="0" tests="1" name="testcases.buymiceDriver" time="74.209" errors="0" timestamp="2020-12-31T17:05:38 EST" skipped="0">
  <testcase classname="testcases.buymiceDriver" name="userlogin" time="74.209"/>
</testsuite> <!-- testcases.buymiceDriver -->
