<?xml version="1.0" encoding="UTF-8"?>
<!-- Generated by org.testng.reporters.JUnitReportReporter -->
<testsuite hostname="DESKTOP-NKM0A9P" failures="0" tests="1" name="testcases.T001_homepageValidation" time="15.728" errors="0" timestamp="2020-12-21T08:47:34 EST" skipped="0">
  <testcase classname="testcases.T001_homepageValidation" name="login" time="15.728"/>
</testsuite> <!-- testcases.T001_homepageValidation -->
